{"C:/src/openid-client-server-redis-session/src/index.ts": {"path":"C:/src/openid-client-server-redis-session/src/index.ts","statementMap":{"0":{"start":{"line":2,"column":0},"end":{"line":2,"column":35}},"1":{"start":{"line":6,"column":0},"end":{"line":6,"column":58}},"2":{"start":{"line":25,"column":8},"end":{"line":29,"column":null}},"3":{"start":{"line":26,"column":12},"end":{"line":26,"column":null}},"4":{"start":{"line":28,"column":12},"end":{"line":28,"column":null}},"5":{"start":{"line":30,"column":8},"end":{"line":30,"column":null}},"6":{"start":{"line":31,"column":8},"end":{"line":31,"column":null}},"7":{"start":{"line":35,"column":8},"end":{"line":35,"column":null}},"8":{"start":{"line":46,"column":8},"end":{"line":46,"column":null}},"9":{"start":{"line":50,"column":30},"end":{"line":50,"column":79}},"10":{"start":{"line":51,"column":8},"end":{"line":53,"column":null}},"11":{"start":{"line":52,"column":12},"end":{"line":52,"column":null}},"12":{"start":{"line":62,"column":24},"end":{"line":62,"column":64}},"13":{"start":{"line":63,"column":8},"end":{"line":71,"column":null}},"14":{"start":{"line":64,"column":27},"end":{"line":64,"column":54}},"15":{"start":{"line":65,"column":12},"end":{"line":70,"column":null}},"16":{"start":{"line":66,"column":41},"end":{"line":66,"column":59}},"17":{"start":{"line":67,"column":16},"end":{"line":69,"column":null}},"18":{"start":{"line":68,"column":20},"end":{"line":68,"column":null}},"19":{"start":{"line":76,"column":27},"end":{"line":76,"column":53}},"20":{"start":{"line":77,"column":21},"end":{"line":77,"column":54}},"21":{"start":{"line":79,"column":8},"end":{"line":91,"column":null}},"22":{"start":{"line":80,"column":12},"end":{"line":90,"column":null}},"23":{"start":{"line":93,"column":8},"end":{"line":96,"column":null}},"24":{"start":{"line":13,"column":0},"end":{"line":13,"column":13}},"25":{"start":{"line":100,"column":0},"end":{"line":100,"column":null}}},"fnMap":{"0":{"name":"(anonymous_0)","decl":{"start":{"line":23,"column":4},"end":{"line":23,"column":16}},"loc":{"start":{"line":23,"column":76},"end":{"line":32,"column":5}}},"1":{"name":"(anonymous_1)","decl":{"start":{"line":34,"column":4},"end":{"line":34,"column":14}},"loc":{"start":{"line":34,"column":32},"end":{"line":36,"column":5}}},"2":{"name":"(anonymous_2)","decl":{"start":{"line":43,"column":4},"end":{"line":43,"column":9}},"loc":{"start":{"line":43,"column":15},"end":{"line":43,"column":35}}},"3":{"name":"(anonymous_3)","decl":{"start":{"line":45,"column":4},"end":{"line":45,"column":9}},"loc":{"start":{"line":45,"column":35},"end":{"line":47,"column":5}}},"4":{"name":"(anonymous_4)","decl":{"start":{"line":49,"column":4},"end":{"line":49,"column":9}},"loc":{"start":{"line":49,"column":31},"end":{"line":54,"column":5}}},"5":{"name":"(anonymous_5)","decl":{"start":{"line":56,"column":4},"end":{"line":56,"column":9}},"loc":{"start":{"line":56,"column":46},"end":{"line":72,"column":5}}},"6":{"name":"(anonymous_6)","decl":{"start":{"line":75,"column":4},"end":{"line":75,"column":9}},"loc":{"start":{"line":75,"column":51},"end":{"line":97,"column":5}}}},"branchMap":{"0":{"loc":{"start":{"line":25,"column":8},"end":{"line":29,"column":null}},"type":"if","locations":[{"start":{"line":25,"column":8},"end":{"line":29,"column":null}},{"start":{"line":25,"column":8},"end":{"line":29,"column":null}}]},"1":{"loc":{"start":{"line":51,"column":8},"end":{"line":53,"column":null}},"type":"if","locations":[{"start":{"line":51,"column":8},"end":{"line":53,"column":null}},{"start":{"line":51,"column":8},"end":{"line":53,"column":null}}]},"2":{"loc":{"start":{"line":65,"column":12},"end":{"line":70,"column":null}},"type":"if","locations":[{"start":{"line":65,"column":12},"end":{"line":70,"column":null}},{"start":{"line":65,"column":12},"end":{"line":70,"column":null}}]},"3":{"loc":{"start":{"line":67,"column":16},"end":{"line":69,"column":null}},"type":"if","locations":[{"start":{"line":67,"column":16},"end":{"line":69,"column":null}},{"start":{"line":67,"column":16},"end":{"line":69,"column":null}}]},"4":{"loc":{"start":{"line":79,"column":8},"end":{"line":91,"column":null}},"type":"if","locations":[{"start":{"line":79,"column":8},"end":{"line":91,"column":null}},{"start":{"line":79,"column":8},"end":{"line":91,"column":null}}]}},"s":{"0":1,"1":1,"2":3,"3":3,"4":0,"5":3,"6":3,"7":10,"8":1,"9":5,"10":5,"11":4,"12":1,"13":1,"14":1,"15":1,"16":1,"17":1,"18":1,"19":4,"20":4,"21":4,"22":3,"23":4,"24":1,"25":1},"f":{"0":3,"1":10,"2":0,"3":1,"4":5,"5":1,"6":4},"b":{"0":[3,0],"1":[4,1],"2":[1,0],"3":[1,0],"4":[3,1]}}
}
