TN:
SF:C:/src/openid-client-server-redis-session/src/index.ts
FN:23,(anonymous_0)
FN:34,(anonymous_1)
FN:43,(anonymous_2)
FN:45,(anonymous_3)
FN:49,(anonymous_4)
FN:56,(anonymous_5)
FN:75,(anonymous_6)
FNF:7
FNH:6
FNDA:3,(anonymous_0)
FNDA:10,(anonymous_1)
FNDA:0,(anonymous_2)
FNDA:1,(anonymous_3)
FNDA:5,(anonymous_4)
FNDA:1,(anonymous_5)
FNDA:4,(anonymous_6)
DA:2,1
DA:6,1
DA:13,1
DA:25,3
DA:26,3
DA:28,0
DA:30,3
DA:31,3
DA:35,10
DA:46,1
DA:50,5
DA:51,5
DA:52,4
DA:62,1
DA:63,1
DA:64,1
DA:65,1
DA:66,1
DA:67,1
DA:68,1
DA:76,4
DA:77,4
DA:79,4
DA:80,3
DA:93,4
DA:100,1
LF:26
LH:25
BRDA:25,0,0,3
BRDA:25,0,1,0
BRDA:51,1,0,4
BRDA:51,1,1,1
BRDA:65,2,0,1
BRDA:65,2,1,0
BRDA:67,3,0,1
BRDA:67,3,1,0
BRDA:79,4,0,3
BRDA:79,4,1,1
BRF:10
BRH:7
end_of_record
